Removed Pin From Net: NetName=NetD1_2 Pin=RL1-C2
Removed Pin From Net: NetName=NetD3_2 Pin=RL2-C2
Removed Pin From Net: NetName=NetD4_2 Pin=RL3-C2
Removed Pin From Net: NetName=NetD5_2 Pin=RL4-C2
Removed Pin From Net: NetName=NetR7_2 Pin=U?-13
Removed Pin From Net: NetName=NetR5_2 Pin=U?-14
Removed Pin From Net: NetName=NetR3_2 Pin=U?-15
Removed Pin From Net: NetName=NetR1_2 Pin=U?-16
Change Component Designator: OldDesignator=U? NewDesignator=U3
Added Component: Designator=C1(RAD-0.2)
Add component (AddParameter): Name = "LatestRevisionDate"; Value = "17-Jul-2002"; VariantName = "[No Variations]"
Add component (AddParameter): Name = "LatestRevisionNote"; Value = "Re-released for DXP Platform."; VariantName = "[No Variations]"
Add component (AddParameter): Name = "PackageDescription"; Value = "Radial Cap, Thru-Hole; 2 Leads; 0.3 in Pin Spacing"; VariantName = "[No Variations]"
Add component (AddParameter): Name = "PackageReference"; Value = "RAD-0.3"; VariantName = "[No Variations]"
Add component (AddParameter): Name = "Published"; Value = "8-Jun-2000"; VariantName = "[No Variations]"
Add component (AddParameter): Name = "Publisher"; Value = "Altium Limited"; VariantName = "[No Variations]"
Added Component: Designator=C2(RAD-0.2)
Add component (AddParameter): Name = "LatestRevisionDate"; Value = "17-Jul-2002"; VariantName = "[No Variations]"
Add component (AddParameter): Name = "LatestRevisionNote"; Value = "Re-released for DXP Platform."; VariantName = "[No Variations]"
Add component (AddParameter): Name = "PackageDescription"; Value = "Radial Cap, Thru-Hole; 2 Leads; 0.3 in Pin Spacing"; VariantName = "[No Variations]"
Add component (AddParameter): Name = "PackageReference"; Value = "RAD-0.3"; VariantName = "[No Variations]"
Add component (AddParameter): Name = "Published"; Value = "8-Jun-2000"; VariantName = "[No Variations]"
Add component (AddParameter): Name = "Publisher"; Value = "Altium Limited"; VariantName = "[No Variations]"
Added Component: Designator=C3(RAD-0.2)
Add component (AddParameter): Name = "LatestRevisionDate"; Value = "17-Jul-2002"; VariantName = "[No Variations]"
Add component (AddParameter): Name = "LatestRevisionNote"; Value = "Re-released for DXP Platform."; VariantName = "[No Variations]"
Add component (AddParameter): Name = "PackageDescription"; Value = "Radial Cap, Thru-Hole; 2 Leads; 0.3 in Pin Spacing"; VariantName = "[No Variations]"
Add component (AddParameter): Name = "PackageReference"; Value = "RAD-0.3"; VariantName = "[No Variations]"
Add component (AddParameter): Name = "Published"; Value = "8-Jun-2000"; VariantName = "[No Variations]"
Add component (AddParameter): Name = "Publisher"; Value = "Altium Limited"; VariantName = "[No Variations]"
Added Component: Designator=C4(RAD-0.2)
Add component (AddParameter): Name = "LatestRevisionDate"; Value = "17-Jul-2002"; VariantName = "[No Variations]"
Add component (AddParameter): Name = "LatestRevisionNote"; Value = "Re-released for DXP Platform."; VariantName = "[No Variations]"
Add component (AddParameter): Name = "PackageDescription"; Value = "Radial Cap, Thru-Hole; 2 Leads; 0.3 in Pin Spacing"; VariantName = "[No Variations]"
Add component (AddParameter): Name = "PackageReference"; Value = "RAD-0.3"; VariantName = "[No Variations]"
Add component (AddParameter): Name = "Published"; Value = "8-Jun-2000"; VariantName = "[No Variations]"
Add component (AddParameter): Name = "Publisher"; Value = "Altium Limited"; VariantName = "[No Variations]"
Added Component: Designator=C5(RAD-0.2)
Add component (AddParameter): Name = "LatestRevisionDate"; Value = "17-Jul-2002"; VariantName = "[No Variations]"
Add component (AddParameter): Name = "LatestRevisionNote"; Value = "Re-released for DXP Platform."; VariantName = "[No Variations]"
Add component (AddParameter): Name = "PackageDescription"; Value = "Radial Cap, Thru-Hole; 2 Leads; 0.3 in Pin Spacing"; VariantName = "[No Variations]"
Add component (AddParameter): Name = "PackageReference"; Value = "RAD-0.3"; VariantName = "[No Variations]"
Add component (AddParameter): Name = "Published"; Value = "8-Jun-2000"; VariantName = "[No Variations]"
Add component (AddParameter): Name = "Publisher"; Value = "Altium Limited"; VariantName = "[No Variations]"
Added Pin To Net: NetName=GND Pin=C1-1
Added Pin To Net: NetName=VCC Pin=C1-2
Added Pin To Net: NetName=GND Pin=C2-1
Added Pin To Net: NetName=VCC Pin=C2-2
Added Pin To Net: NetName=GND Pin=C3-1
Added Pin To Net: NetName=VCC Pin=C3-2
Added Pin To Net: NetName=GND Pin=C4-1
Added Pin To Net: NetName=VCC Pin=C4-2
Added Pin To Net: NetName=GND Pin=C5-1
Added Pin To Net: NetName=VCC Pin=C5-2
Added Pin To Net: NetName=NetD1_2 Pin=U1-3
Added Pin To Net: NetName=NetD3_2 Pin=U2-3
Added Pin To Net: NetName=NetR1_2 Pin=U3-1
Added Pin To Net: NetName=NetR3_2 Pin=U3-2
Added Pin To Net: NetName=NetR5_2 Pin=U3-3
Added Pin To Net: NetName=NetR7_2 Pin=U3-4
Added Pin To Net: NetName=NetD4_2 Pin=U4-3
Added Pin To Net: NetName=NetD5_2 Pin=U5-3
Added Pin To Net: NetName=NetRL1_C2 Pin=RL1-C2
Added Pin To Net: NetName=NetRL1_C2 Pin=U3-16
Added Net: Name=NetRL1_C2
Added Pin To Net: NetName=NetRL2_C2 Pin=RL2-C2
Added Pin To Net: NetName=NetRL2_C2 Pin=U3-15
Added Net: Name=NetRL2_C2
Added Pin To Net: NetName=NetRL3_C2 Pin=RL3-C2
Added Pin To Net: NetName=NetRL3_C2 Pin=U3-14
Added Net: Name=NetRL3_C2
Added Pin To Net: NetName=NetRL4_C2 Pin=RL4-C2
Added Pin To Net: NetName=NetRL4_C2 Pin=U3-13
Added Net: Name=NetRL4_C2
Added Member To Class: ClassName=SCH Driver RL Member=Component C1 100nF
Added Member To Class: ClassName=SCH Driver RL Member=Component C2 100nF
Added Member To Class: ClassName=SCH Driver RL Member=Component C3 100nF
Added Member To Class: ClassName=SCH Driver RL Member=Component C4 100nF
Added Member To Class: ClassName=SCH Driver RL Member=Component C5 100nF
