Added Component: Designator=RL1(RELAY)
Added Component: Designator=RL2(RELAY)
Added Component: Designator=RL3(RELAY)
Added Component: Designator=RL4(RELAY)
Added Pin To Net: NetName=VCC Pin=RL1-C1
Added Pin To Net: NetName=NetRL1_C2 Pin=RL1-C2
Added Pin To Net: NetName=COM Pin=RL1-COM
Added Pin To Net: NetName=NC Pin=RL1-NC
Added Pin To Net: NetName=NO Pin=RL1-NO
Added Pin To Net: NetName=VCC Pin=RL2-C1
Added Pin To Net: NetName=NetRL2_C2 Pin=RL2-C2
Added Pin To Net: NetName=COM1 Pin=RL2-COM
Added Pin To Net: NetName=NC1 Pin=RL2-NC
Added Pin To Net: NetName=NO1 Pin=RL2-NO
Added Pin To Net: NetName=VCC Pin=RL3-C1
Added Pin To Net: NetName=NetRL3_C2 Pin=RL3-C2
Added Pin To Net: NetName=COM2 Pin=RL3-COM
Added Pin To Net: NetName=NC2 Pin=RL3-NC
Added Pin To Net: NetName=NO2 Pin=RL3-NO
Added Pin To Net: NetName=VCC Pin=RL4-C1
Added Pin To Net: NetName=NetRL4_C2 Pin=RL4-C2
Added Pin To Net: NetName=COM3 Pin=RL4-COM
Added Pin To Net: NetName=NC3 Pin=RL4-NC
Added Pin To Net: NetName=NO3 Pin=RL4-NO
Added Member To Class: ClassName=SCH Driver RL Member=Component D2 Valor
Added Member To Class: ClassName=SCH Driver RL Member=Component R2 2K2
Added Member To Class: ClassName=SCH Driver RL Member=Component R4 2K2
Added Member To Class: ClassName=SCH Driver RL Member=Component R6 2K2
Added Member To Class: ClassName=SCH Driver RL Member=Component R8 2K2
Added Member To Class: ClassName=SCH Driver RL Member=Component RL1 Relé 12v 5p
Added Member To Class: ClassName=SCH Driver RL Member=Component RL2 Relé 12v 5p
Added Member To Class: ClassName=SCH Driver RL Member=Component RL3 Relé 12v 5p
Added Member To Class: ClassName=SCH Driver RL Member=Component RL4 Relé 12v 5p
