Change Component Designator: Old Designator=D2 New Designator=D4
Change Component Designator: Old Designator=D5 New Designator=D3
Change Component Designator: Old Designator=D? New Designator=D2
Change Component Designator: Old Designator=D? New Designator=D5
Change Component Designator: Old Designator=H1 New Designator=H3
Change Component Designator: Old Designator=H3 New Designator=H1
Change Component Designator: Old Designator=H New Designator=H4
Change Component Designator: Old Designator=J1 New Designator=J2
Change Component Designator: Old Designator=J3 New Designator=J1
Change Component Designator: Old Designator=J4 New Designator=J5
Change Component Designator: Old Designator=J5 New Designator=J3
Change Component Designator: Old Designator=J? New Designator=J4
Change Component Designator: Old Designator=J? New Designator=J6
Change Component Designator: Old Designator=R2 New Designator=R5
Change Component Designator: Old Designator=R3 New Designator=R2
Change Component Designator: Old Designator=R5 New Designator=R3
Change Component Designator: Old Designator=R? New Designator=R7
Change Component Designator: Old Designator=R? New Designator=R8
Change Component Designator: Old Designator=RL2 New Designator=RL3
Change Component Designator: Old Designator=RL3 New Designator=RL2
Change Component Designator: Old Designator=RL? New Designator=RL4
Change Component Designator: Old Designator=U3 New Designator=U4
Change Component Designator: Old Designator=U? New Designator=U3
Change Component Designator: Old Designator=U? New Designator=U5
